
Showing logs for build [32mcb-kubecd-environment-pr-23-14-1[0m stage [32mfrom-build-pack[0m and container [32mstep-credential-initializer-7xdnw[0m
{"level":"warn","ts":1568907085.910444,"logger":"fallback-logger","caller":"logging/config.go:69","msg":"Fetch GitHub commit ID from kodata failed: \"ref: refs/heads/master\" is not a valid GitHub commit ID"}
{"level":"info","ts":1568907085.9111547,"logger":"fallback-logger","caller":"creds-init/main.go:40","msg":"Credentials initialized."}

Showing logs for build [32mcb-kubecd-environment-pr-23-14-1[0m stage [32mfrom-build-pack[0m and container [32mstep-working-dir-initializer-jz627[0m
{"level":"warn","ts":1568907087.3155792,"logger":"fallback-logger","caller":"logging/config.go:69","msg":"Fetch GitHub commit ID from kodata failed: open /var/run/ko/HEAD: no such file or directory"}
{"level":"info","ts":1568907087.317853,"logger":"fallback-logger","caller":"bash/main.go:65","msg":"Successfully executed command \"mkdir -p /workspace/source /workspace/source/env\""}

Showing logs for build [32mcb-kubecd-environment-pr-23-14-1[0m stage [32mfrom-build-pack[0m and container [32mstep-place-tools[0m

Showing logs for build [32mcb-kubecd-environment-pr-23-14-1[0m stage [32mfrom-build-pack[0m and container [32mstep-git-source-cb-kubecd-environment-pr-23-14-h2rlm[0m
{"level":"warn","ts":1568907145.4811237,"logger":"fallback-logger","caller":"logging/config.go:69","msg":"Fetch GitHub commit ID from kodata failed: \"ref: refs/heads/master\" is not a valid GitHub commit ID"}
{"level":"info","ts":1568907146.5323884,"logger":"fallback-logger","caller":"git/git.go:102","msg":"Successfully cloned https://github.com/cb-kubecd/environment-pr-23-14-boot-local-staging.git @ 1d4fde82b31f7b97af2c6686505e58a19ace699f in path /workspace/source"}

Showing logs for build [32mcb-kubecd-environment-pr-23-14-1[0m stage [32mfrom-build-pack[0m and container [32mstep-git-merge[0m
Using SHAs from PULL_REFS=master:94895974d35b23936126bc705cad1de0a4f2f203,1:1d4fde82b31f7b97af2c6686505e58a19ace699f
DEBUG: ran git fetch --unshallow origin 1d4fde82b31f7b97af2c6686505e58a19ace699f: 94895974d35b23936126bc705cad1de0a4f2f203: in 
DEBUG: ran git checkout master in 
DEBUG: ran git reset --hard 94895974d35b23936126bc705cad1de0a4f2f203 in 
DEBUG: ran clean --force -d . in 
DEBUG: ran git merge 1d4fde82b31f7b97af2c6686505e58a19ace699f in 
Merged SHA 1d4fde82b31f7b97af2c6686505e58a19ace699f with commit message 'chore: Promote bdd-spring-1568906822 to version 0.0.1' into base branch master

Showing logs for build [32mcb-kubecd-environment-pr-23-14-1[0m stage [32mfrom-build-pack[0m and container [32mstep-build-helm-build[0m
WARNING: No $CHART_REPOSITORY defined so using the default value of: http://jenkins-x-chartmuseum:8080
Adding missing Helm repo: storage.googleapis.com https://storage.googleapis.com/chartmuseum.jenkins-x.io
Read credentials for https://storage.googleapis.com/chartmuseum.jenkins-x.io from vault helm/repos
Successfully added Helm repository storage.googleapis.com.
Adding missing Helm repo: jenkins-x-chartmuseum http://jenkins-x-chartmuseum:8080
Read credentials for http://jenkins-x-chartmuseum:8080 from vault helm/repos
Successfully added Helm repository jenkins-x-chartmuseum.
WARNING: No $CHART_REPOSITORY defined so using the default value of: http://jenkins-x-chartmuseum:8080
Adding missing Helm repo: chartmuseum.jenkins-x.io http://chartmuseum.jenkins-x.io
Read credentials for http://chartmuseum.jenkins-x.io from vault helm/repos
Successfully added Helm repository chartmuseum.jenkins-x.io.
